<?xml version="1.0" encoding="UTF-8"?>
<!-- Generated by org.testng.reporters.JUnitReportReporter -->
<testsuite hostname="GQIdeacentre-PC" name="finGQMaps.GQM005" tests="1" failures="0" timestamp="25 Sep 2015 11:58:32 GMT" time="37.736" errors="0">
  <testcase name="loginValid" time="37.736" classname="finGQMaps.GQM005"/>
</testsuite> <!-- finGQMaps.GQM005 -->
